auto-tool-520/SDLgui_3.0.13-Cam2_Android11_2021_0602_sunmi/app/build/outputs/logs/manifest-merger-release-report.txt
-- Merging decision tree log ---
manifest
ADDED from src\main\AndroidManifest.xml:2:1-48:12
INJECTED from src\main\AndroidManifest.xml:2:1-48:12
INJECTED from src\main\AndroidManifest.xml:2:1-48:12
INJECTED from src\main\AndroidManifest.xml:2:1-48:12
INJECTED from src\main\AndroidManifest.xml:2:1-48:12
INJECTED from src\main\AndroidManifest.xml:2:1-48:12
INJECTED from src\main\AndroidManifest.xml:2:1-48:12
	package
		ADDED from src\main\AndroidManifest.xml:3:5-28
		INJECTED from src\main\AndroidManifest.xml
		INJECTED from src\main\AndroidManifest.xml
	android:sharedUserId
		ADDED from src\main\AndroidManifest.xml:7:2-43
	android:versionName
		ADDED from src\main\AndroidManifest.xml:6:5-33
		INJECTED from src\main\AndroidManifest.xml
		INJECTED from src\main\AndroidManifest.xml
	xmlns:android
		ADDED from src\main\AndroidManifest.xml:2:11-69
	android:versionCode
		ADDED from src\main\AndroidManifest.xml:5:5-28
		INJECTED from src\main\AndroidManifest.xml
		INJECTED from src\main\AndroidManifest.xml
uses-sdk
ADDED from src\main\AndroidManifest.xml:10:5-44
INJECTED from src\main\AndroidManifest.xml:10:5-44
INJECTED from src\main\AndroidManifest.xml:10:5-44
INJECTED from src\main\AndroidManifest.xml:10:5-44
INJECTED from src\main\AndroidManifest.xml:10:5-44
	android:targetSdkVersion
		INJECTED from src\main\AndroidManifest.xml
		ADDED from src\main\AndroidManifest.xml:10:5-44
		INJECTED from src\main\AndroidManifest.xml
	android:minSdkVersion
		ADDED from src\main\AndroidManifest.xml:10:15-41
		INJECTED from src\main\AndroidManifest.xml
		INJECTED from src\main\AndroidManifest.xml
uses-permission#android.permission.CAMERA
ADDED from src\main\AndroidManifest.xml:12:2-78
	android:name
		ADDED from src\main\AndroidManifest.xml:12:19-59
uses-feature#android.hardware.camera
ADDED from src\main\AndroidManifest.xml:13:3-58
	android:name
		ADDED from src\main\AndroidManifest.xml:13:17-55
uses-feature#android.hardware.camera.autofocus
ADDED from src\main\AndroidManifest.xml:14:3-68
	android:name
		ADDED from src\main\AndroidManifest.xml:14:17-65
uses-permission#android.permission.FLASHLIGHT
ADDED from src\main\AndroidManifest.xml:15:2-82
	android:name
		ADDED from src\main\AndroidManifest.xml:15:19-63
uses-permission#android.permission.VIBRATE
ADDED from src\main\AndroidManifest.xml:16:2-79
	android:name
		ADDED from src\main\AndroidManifest.xml:16:19-60
uses-permission#android.permission.INTERNET
ADDED from src\main\AndroidManifest.xml:17:2-80
	android:name
		ADDED from src\main\AndroidManifest.xml:17:19-61
uses-permission#android.permission.READ_PHONE_STATE
ADDED from src\main\AndroidManifest.xml:18:2-88
	android:name
		ADDED from src\main\AndroidManifest.xml:18:19-69
uses-permission#android.permission.WRITE_EXTERNAL_STORAGE
ADDED from src\main\AndroidManifest.xml:19:2-94
	android:name
		ADDED from src\main\AndroidManifest.xml:19:19-75
uses-permission#android.permission.READ_EXTERNAL_STORAGE
ADDED from src\main\AndroidManifest.xml:21:2-93
	android:name
		ADDED from src\main\AndroidManifest.xml:21:19-74
supports-screens
ADDED from src\main\AndroidManifest.xml:23:2-29:11
	android:largeScreens
		ADDED from src\main\AndroidManifest.xml:27:9-36
	android:smallScreens
		ADDED from src\main\AndroidManifest.xml:25:9-36
	android:normalScreens
		ADDED from src\main\AndroidManifest.xml:26:9-37
	android:resizeable
		ADDED from src\main\AndroidManifest.xml:24:9-34
	android:anyDensity
		ADDED from src\main\AndroidManifest.xml:28:9-34
application
ADDED from src\main\AndroidManifest.xml:32:5-46:19
	android:label
		ADDED from src\main\AndroidManifest.xml:34:9-31
	android:icon
		ADDED from src\main\AndroidManifest.xml:33:9-45
activity#com.zebra.sdl.SDLguiActivity
ADDED from src\main\AndroidManifest.xml:35:9-45:20
	android:label
		ADDED from src\main\AndroidManifest.xml:37:13-45
	android:windowSoftInputMode
		ADDED from src\main\AndroidManifest.xml:38:6-47
	android:name
		ADDED from src\main\AndroidManifest.xml:36:13-56
intent-filter#action:name:android.intent.action.MAIN
ADDED from src\main\AndroidManifest.xml:40:13-44:29
action#android.intent.action.MAIN
ADDED from src\main\AndroidManifest.xml:41:17-69
	android:name
		ADDED from src\main\AndroidManifest.xml:41:25-66